<?xml version="1.0" encoding="UTF-8"?>
<testsuite name="com.zwnpactera.ZwnpacteraApplicationTests" time="0" tests="1" errors="1" skipped="0" failures="0">
  <properties>
[...]
</properties>
  <testcase name="initializationError" classname="com.zwnpactera.ZwnpacteraApplicationTests" time="0">
    <error message="Unable to find a @SpringBootConfiguration, you need to use @ContextConfiguration or @SpringBootTest(classes=...) with your test" type="java.lang.IllegalStateException"><![CDATA[java.lang.IllegalStateException: Unable to find a @SpringBootConfiguration, you need to use @ContextConfiguration or @SpringBootTest(classes=...) with your test
	at org.springframework.util.Assert.state(Assert.java:70)
	at org.springframework.boot.test.context.SpringBootTestContextBootstrapper.getOrFindConfigurationClasses(SpringBootTestContextBootstrapper.java:202)
	at org.springframework.boot.test.context.SpringBootTestContextBootstrapper.processMergedContextConfiguration(SpringBootTestContextBootstrapper.java:137)
	at org.springframework.test.context.support.AbstractTestContextBootstrapper.buildMergedContextConfiguration(AbstractTestContextBootstrapper.java:397)
	at org.springframework.test.context.support.AbstractTestContextBootstrapper.buildDefaultMergedContextConfiguration(AbstractTestContextBootstrapper.java:311)
	at org.springframework.test.context.support.AbstractTestContextBootstrapper.buildMergedContextConfiguration(AbstractTestContextBootstrapper.java:265)
	at org.springframework.test.context.support.AbstractTestContextBootstrapper.buildTestContext(AbstractTestContextBootstrapper.java:105)
	at org.springframework.boot.test.context.SpringBootTestContextBootstrapper.buildTestContext(SpringBootTestContextBootstrapper.java:82)
	at org.springframework.test.context.TestContextManager.<init>(TestContextManager.java:120)
	at org.springframework.test.context.TestContextManager.<init>(TestContextManager.java:105)
	at org.springframework.test.context.junit4.SpringJUnit4ClassRunner.createTestContextManager(SpringJUnit4ClassRunner.java:152)
	at org.springframework.test.context.junit4.SpringJUnit4ClassRunner.<init>(SpringJUnit4ClassRunner.java:143)
	at org.springframework.test.context.junit4.SpringRunner.<init>(SpringRunner.java:49)
	at sun.reflect.NativeConstructorAccessorImpl.newInstance0(Native Method)
	at sun.reflect.NativeConstructorAccessorImpl.newInstance(NativeConstructorAccessorImpl.java:62)
	at sun.reflect.DelegatingConstructorAccessorImpl.newInstance(DelegatingConstructorAccessorImpl.java:45)
	at java.lang.reflect.Constructor.newInstance(Constructor.java:423)
	at org.junit.internal.builders.AnnotatedBuilder.buildRunner(AnnotatedBuilder.java:104)
	at org.junit.internal.builders.AnnotatedBuilder.runnerForClass(AnnotatedBuilder.java:86)
	at org.junit.runners.model.RunnerBuilder.safeRunnerForClass(RunnerBuilder.java:59)
	at org.junit.internal.builders.AllDefaultPossibilitiesBuilder.runnerForClass(AllDefaultPossibilitiesBuilder.java:26)
	at org.junit.runners.model.RunnerBuilder.safeRunnerForClass(RunnerBuilder.java:59)
	at org.junit.internal.requests.ClassRequest.getRunner(ClassRequest.java:33)
	at org.apache.maven.surefire.junit4.JUnit4Provider.execute(JUnit4Provider.java:283)
	at org.apache.maven.surefire.junit4.JUnit4Provider.executeWithRerun(JUnit4Provider.java:173)
	at org.apache.maven.surefire.junit4.JUnit4Provider.executeTestSet(JUnit4Provider.java:153)
	at org.apache.maven.surefire.junit4.JUnit4Provider.invoke(JUnit4Provider.java:128)
	at org.apache.maven.surefire.booter.ForkedBooter.invokeProviderInSameClassLoader(ForkedBooter.java:203)
	at org.apache.maven.surefire.booter.ForkedBooter.runSuitesInProcess(ForkedBooter.java:155)
	at org.apache.maven.surefire.booter.ForkedBooter.main(ForkedBooter.java:103)
]]></error>
    <system-out><![CDATA[10:03:14.780 [main] DEBUG org.springframework.test.context.junit4.SpringJUnit4ClassRunner - SpringJUnit4ClassRunner constructor called with [class com.zwnpactera.ZwnpacteraApplicationTests]
10:03:14.796 [main] DEBUG org.springframework.test.context.BootstrapUtils - Instantiating CacheAwareContextLoaderDelegate from class [org.springframework.test.context.cache.DefaultCacheAwareContextLoaderDelegate]
10:03:14.811 [main] DEBUG org.springframework.test.context.BootstrapUtils - Instantiating BootstrapContext using constructor [public org.springframework.test.context.support.DefaultBootstrapContext(java.lang.Class,org.springframework.test.context.CacheAwareContextLoaderDelegate)]
10:03:14.843 [main] DEBUG org.springframework.test.context.BootstrapUtils - Instantiating TestContextBootstrapper for test class [com.zwnpactera.ZwnpacteraApplicationTests] from class [org.springframework.boot.test.context.SpringBootTestContextBootstrapper]
10:03:14.858 [main] INFO org.springframework.boot.test.context.SpringBootTestContextBootstrapper - Neither @ContextConfiguration nor @ContextHierarchy found for test class [com.zwnpactera.ZwnpacteraApplicationTests], using SpringBootContextLoader
10:03:14.858 [main] DEBUG org.springframework.test.context.support.AbstractContextLoader - Did not detect default resource location for test class [com.zwnpactera.ZwnpacteraApplicationTests]: class path resource [com/zwnpactera/ZwnpacteraApplicationTests-context.xml] does not exist
10:03:14.858 [main] DEBUG org.springframework.test.context.support.AbstractContextLoader - Did not detect default resource location for test class [com.zwnpactera.ZwnpacteraApplicationTests]: class path resource [com/zwnpactera/ZwnpacteraApplicationTestsContext.groovy] does not exist
10:03:14.858 [main] INFO org.springframework.test.context.support.AbstractContextLoader - Could not detect default resource locations for test class [com.zwnpactera.ZwnpacteraApplicationTests]: no resource found for suffixes {-context.xml, Context.groovy}.
10:03:14.858 [main] INFO org.springframework.test.context.support.AnnotationConfigContextLoaderUtils - Could not detect default configuration classes for test class [com.zwnpactera.ZwnpacteraApplicationTests]: ZwnpacteraApplicationTests does not declare any static, non-private, non-final, nested classes annotated with @Configuration.
10:03:14.905 [main] DEBUG org.springframework.test.context.support.ActiveProfilesUtils - Could not find an 'annotation declaring class' for annotation type [org.springframework.test.context.ActiveProfiles] and class [com.zwnpactera.ZwnpacteraApplicationTests]
10:03:14.921 [main] DEBUG org.springframework.core.env.StandardEnvironment - Adding PropertySource 'systemProperties' with lowest search precedence
10:03:14.921 [main] DEBUG org.springframework.core.env.StandardEnvironment - Adding PropertySource 'systemEnvironment' with lowest search precedence
10:03:14.921 [main] DEBUG org.springframework.core.env.StandardEnvironment - Initialized StandardEnvironment with PropertySources [MapPropertySource@222624801 {name='systemProperties', properties={idea.version=2017.1.1, java.runtime.name=Java(TM) SE Runtime Environment, sun.boot.library.path=C:\jdk\Java\jdk1.8.0_131\jre\bin, java.vm.version=25.131-b11, java.vm.vendor=Oracle Corporation, java.vendor.url=http://java.oracle.com/, path.separator=;, java.vm.name=Java HotSpot(TM) 64-Bit Server VM, file.encoding.pkg=sun.io, user.country=CN, user.script=, sun.java.launcher=SUN_STANDARD, sun.os.patch.level=, java.vm.specification.name=Java Virtual Machine Specification, user.dir=C:\project\zwnpactera, java.runtime.version=1.8.0_131-b11, basedir=C:\project\zwnpactera, java.awt.graphicsenv=sun.awt.Win32GraphicsEnvironment, java.endorsed.dirs=C:\jdk\Java\jdk1.8.0_131\jre\lib\endorsed, os.arch=amd64, surefire.real.class.path=C:\project\zwnpactera\target\surefire\surefirebooter3705340896965702901.jar, java.io.tmpdir=C:\Users\bo\AppData\Local\Temp\, line.separator=
, java.vm.specification.vendor=Oracle Corporation, user.variant=, os.name=Windows 10, sun.jnu.encoding=GBK, java.library.path=C:\jdk\Java\jdk1.8.0_131\jre\bin;C:\WINDOWS\Sun\Java\bin;C:\WINDOWS\system32;C:\WINDOWS;C:\ProgramData\Oracle\Java\javapath;C:\Program Files (x86)\Intel\iCLS Client\;C:\Program Files\Intel\iCLS Client\;C:\Windows\system32;C:\Windows;C:\Windows\System32\Wbem;C:\Windows\System32\WindowsPowerShell\v1.0\;C:\Program Files (x86)\Intel\Intel(R) Management Engine Components\DAL;C:\Program Files\Intel\Intel(R) Management Engine Components\DAL;C:\Program Files (x86)\Intel\Intel(R) Management Engine Components\IPT;C:\Program Files\Intel\Intel(R) Management Engine Components\IPT;C:\Program Files (x86)\NVIDIA Corporation\PhysX\Common?;C:\jdk\Java\jdk1.8.0_131\bin;C:\jdk\Java\jdk1.8.0_131\jre\bin£»C:\tomcat7.0\apache-tomcat-7.0.52\lib;C:\tomcat7.0\apache-tomcat-7.0.52\bin;C:\Program Files (x86)\NVIDIA Corporation\PhysX\Common;C:\Program Files (x86)\Microsoft SQL Server\100\Tools\Binn\;C:\Program Files\Microsoft SQL Server\100\Tools\Binn\;C:\Program Files\Microsoft SQL Server\100\DTS\Binn\;C:\Program Files (x86)\Microsoft SQL Server\100\Tools\Binn\VSShell\Common7\IDE\;C:\Program Files (x86)\Microsoft SQL Server\100\DTS\Binn\;C:\Program Files (x86)\Microsoft Visual Studio 9.0\Common7\IDE\PrivateAssemblies\;C:\TortoiseSVN\bin;C:\WINDOWS\system32;C:\WINDOWS;C:\WINDOWS\System32\Wbem;C:\WINDOWS\System32\WindowsPowerShell\v1.0\;C:\Program Files\Microsoft SQL Server\120\DTS\Binn\;C:\Program Files\Microsoft SQL Server\Client SDK\ODBC\110\Tools\Binn\;C:\Program Files (x86)\Microsoft SQL Server\120\Tools\Binn\;C:\Program Files\Microsoft SQL Server\120\Tools\Binn\;C:\Program Files (x86)\Microsoft SQL Server\120\Tools\Binn\ManagementStudio\;C:\Program Files (x86)\Microsoft SQL Server\120\DTS\Binn\;C:\WINDOWS\System32\OpenSSH\;C:\appResource\mysql\bin;C:\Program Files\MySQL\MySQL Server 5.5\bin;C:\Program Files\MySQL\MySQL Utilities 1.6\;C:\Users\bo\AppData\Local\Microsoft\WindowsApps;;., surefire.test.class.path=C:\project\zwnpactera\target\test-classes;C:\project\zwnpactera\target\classes;C:\appResource\repository\org\springframework\boot\spring-boot-starter-jdbc\1.5.17.RELEASE\spring-boot-starter-jdbc-1.5.17.RELEASE.jar;C:\appResource\repository\org\springframework\boot\spring-boot-starter\1.5.17.RELEASE\spring-boot-starter-1.5.17.RELEASE.jar;C:\appResource\repository\org\springframework\boot\spring-boot\1.5.17.RELEASE\spring-boot-1.5.17.RELEASE.jar;C:\appResource\repository\org\springframework\boot\spring-boot-autoconfigure\1.5.17.RELEASE\spring-boot-autoconfigure-1.5.17.RELEASE.jar;C:\appResource\repository\org\springframework\boot\spring-boot-starter-logging\1.5.17.RELEASE\spring-boot-starter-logging-1.5.17.RELEASE.jar;C:\appResource\repository\ch\qos\logback\logback-classic\1.1.11\logback-classic-1.1.11.jar;C:\appResource\repository\ch\qos\logback\logback-core\1.1.11\logback-core-1.1.11.jar;C:\appResource\repository\org\slf4j\jcl-over-slf4j\1.7.25\jcl-over-slf4j-1.7.25.jar;C:\appResource\repository\org\slf4j\jul-to-slf4j\1.7.25\jul-to-slf4j-1.7.25.jar;C:\appResource\repository\org\slf4j\log4j-over-slf4j\1.7.25\log4j-over-slf4j-1.7.25.jar;C:\appResource\repository\org\yaml\snakeyaml\1.17\snakeyaml-1.17.jar;C:\appResource\repository\org\apache\tomcat\tomcat-jdbc\8.5.34\tomcat-jdbc-8.5.34.jar;C:\appResource\repository\org\apache\tomcat\tomcat-juli\8.5.34\tomcat-juli-8.5.34.jar;C:\appResource\repository\org\springframework\spring-jdbc\4.3.20.RELEASE\spring-jdbc-4.3.20.RELEASE.jar;C:\appResource\repository\org\springframework\spring-beans\4.3.20.RELEASE\spring-beans-4.3.20.RELEASE.jar;C:\appResource\repository\org\springframework\spring-tx\4.3.20.RELEASE\spring-tx-4.3.20.RELEASE.jar;C:\appResource\repository\org\springframework\boot\spring-boot-starter-web\1.5.17.RELEASE\spring-boot-starter-web-1.5.17.RELEASE.jar;C:\appResource\repository\org\hibernate\hibernate-validator\5.3.6.Final\hibernate-validator-5.3.6.Final.jar;C:\appResource\repository\javax\validation\validation-api\1.1.0.Final\validation-api-1.1.0.Final.jar;C:\appResource\repository\org\jboss\logging\jboss-logging\3.3.2.Final\jboss-logging-3.3.2.Final.jar;C:\appResource\repository\com\fasterxml\classmate\1.3.4\classmate-1.3.4.jar;C:\appResource\repository\com\fasterxml\jackson\core\jackson-databind\2.8.11.2\jackson-databind-2.8.11.2.jar;C:\appResource\repository\com\fasterxml\jackson\core\jackson-annotations\2.8.0\jackson-annotations-2.8.0.jar;C:\appResource\repository\com\fasterxml\jackson\core\jackson-core\2.8.11\jackson-core-2.8.11.jar;C:\appResource\repository\org\springframework\spring-web\4.3.20.RELEASE\spring-web-4.3.20.RELEASE.jar;C:\appResource\repository\org\springframework\spring-aop\4.3.20.RELEASE\spring-aop-4.3.20.RELEASE.jar;C:\appResource\repository\org\springframework\spring-context\4.3.20.RELEASE\spring-context-4.3.20.RELEASE.jar;C:\appResource\repository\org\springframework\spring-webmvc\4.3.20.RELEASE\spring-webmvc-4.3.20.RELEASE.jar;C:\appResource\repository\org\springframework\spring-expression\4.3.20.RELEASE\spring-expression-4.3.20.RELEASE.jar;C:\appResource\repository\org\mybatis\spring\boot\mybatis-spring-boot-starter\1.3.2\mybatis-spring-boot-starter-1.3.2.jar;C:\appResource\repository\org\mybatis\spring\boot\mybatis-spring-boot-autoconfigure\1.3.2\mybatis-spring-boot-autoconfigure-1.3.2.jar;C:\appResource\repository\org\mybatis\mybatis\3.4.6\mybatis-3.4.6.jar;C:\appResource\repository\org\mybatis\mybatis-spring\1.3.2\mybatis-spring-1.3.2.jar;C:\appResource\repository\org\springframework\boot\spring-boot-starter-tomcat\1.5.17.RELEASE\spring-boot-starter-tomcat-1.5.17.RELEASE.jar;C:\appResource\repository\org\apache\tomcat\embed\tomcat-embed-core\8.5.34\tomcat-embed-core-8.5.34.jar;C:\appResource\repository\org\apache\tomcat\tomcat-annotations-api\8.5.34\tomcat-annotations-api-8.5.34.jar;C:\appResource\repository\org\apache\tomcat\embed\tomcat-embed-el\8.5.34\tomcat-embed-el-8.5.34.jar;C:\appResource\repository\org\apache\tomcat\embed\tomcat-embed-websocket\8.5.34\tomcat-embed-websocket-8.5.34.jar;C:\appResource\repository\mysql\mysql-connector-java\5.1.47\mysql-connector-java-5.1.47.jar;C:\appResource\repository\org\springframework\boot\spring-boot-starter-test\1.5.17.RELEASE\spring-boot-starter-test-1.5.17.RELEASE.jar;C:\appResource\repository\org\springframework\boot\spring-boot-test\1.5.17.RELEASE\spring-boot-test-1.5.17.RELEASE.jar;C:\appResource\repository\org\springframework\boot\spring-boot-test-autoconfigure\1.5.17.RELEASE\spring-boot-test-autoconfigure-1.5.17.RELEASE.jar;C:\appResource\repository\com\jayway\jsonpath\json-path\2.2.0\json-path-2.2.0.jar;C:\appResource\repository\net\minidev\json-smart\2.2.1\json-smart-2.2.1.jar;C:\appResource\repository\net\minidev\accessors-smart\1.1\accessors-smart-1.1.jar;C:\appResource\repository\org\ow2\asm\asm\5.0.3\asm-5.0.3.jar;C:\appResource\repository\org\slf4j\slf4j-api\1.7.25\slf4j-api-1.7.25.jar;C:\appResource\repository\junit\junit\4.12\junit-4.12.jar;C:\appResource\repository\org\assertj\assertj-core\2.6.0\assertj-core-2.6.0.jar;C:\appResource\repository\org\mockito\mockito-core\1.10.19\mockito-core-1.10.19.jar;C:\appResource\repository\org\objenesis\objenesis\2.1\objenesis-2.1.jar;C:\appResource\repository\org\hamcrest\hamcrest-core\1.3\hamcrest-core-1.3.jar;C:\appResource\repository\org\hamcrest\hamcrest-library\1.3\hamcrest-library-1.3.jar;C:\appResource\repository\org\skyscreamer\jsonassert\1.4.0\jsonassert-1.4.0.jar;C:\appResource\repository\com\vaadin\external\google\android-json\0.0.20131108.vaadin1\android-json-0.0.20131108.vaadin1.jar;C:\appResource\repository\org\springframework\spring-core\4.3.20.RELEASE\spring-core-4.3.20.RELEASE.jar;C:\appResource\repository\org\springframework\spring-test\4.3.20.RELEASE\spring-test-4.3.20.RELEASE.jar;, java.specification.name=Java Platform API Specification, java.class.version=52.0, sun.management.compiler=HotSpot 64-Bit Tiered Compilers, os.version=10.0, user.home=C:\Users\bo, user.timezone=Asia/Shanghai, java.awt.printerjob=sun.awt.windows.WPrinterJob, file.encoding=GBK, java.specification.version=1.8, java.class.path=C:\project\zwnpactera\target\test-classes;C:\project\zwnpactera\target\classes;C:\appResource\repository\org\springframework\boot\spring-boot-starter-jdbc\1.5.17.RELEASE\spring-boot-starter-jdbc-1.5.17.RELEASE.jar;C:\appResource\repository\org\springframework\boot\spring-boot-starter\1.5.17.RELEASE\spring-boot-starter-1.5.17.RELEASE.jar;C:\appResource\repository\org\springframework\boot\spring-boot\1.5.17.RELEASE\spring-boot-1.5.17.RELEASE.jar;C:\appResource\repository\org\springframework\boot\spring-boot-autoconfigure\1.5.17.RELEASE\spring-boot-autoconfigure-1.5.17.RELEASE.jar;C:\appResource\repository\org\springframework\boot\spring-boot-starter-logging\1.5.17.RELEASE\spring-boot-starter-logging-1.5.17.RELEASE.jar;C:\appResource\repository\ch\qos\logback\logback-classic\1.1.11\logback-classic-1.1.11.jar;C:\appResource\repository\ch\qos\logback\logback-core\1.1.11\logback-core-1.1.11.jar;C:\appResource\repository\org\slf4j\jcl-over-slf4j\1.7.25\jcl-over-slf4j-1.7.25.jar;C:\appResource\repository\org\slf4j\jul-to-slf4j\1.7.25\jul-to-slf4j-1.7.25.jar;C:\appResource\repository\org\slf4j\log4j-over-slf4j\1.7.25\log4j-over-slf4j-1.7.25.jar;C:\appResource\repository\org\yaml\snakeyaml\1.17\snakeyaml-1.17.jar;C:\appResource\repository\org\apache\tomcat\tomcat-jdbc\8.5.34\tomcat-jdbc-8.5.34.jar;C:\appResource\repository\org\apache\tomcat\tomcat-juli\8.5.34\tomcat-juli-8.5.34.jar;C:\appResource\repository\org\springframework\spring-jdbc\4.3.20.RELEASE\spring-jdbc-4.3.20.RELEASE.jar;C:\appResource\repository\org\springframework\spring-beans\4.3.20.RELEASE\spring-beans-4.3.20.RELEASE.jar;C:\appResource\repository\org\springframework\spring-tx\4.3.20.RELEASE\spring-tx-4.3.20.RELEASE.jar;C:\appResource\repository\org\springframework\boot\spring-boot-starter-web\1.5.17.RELEASE\spring-boot-starter-web-1.5.17.RELEASE.jar;C:\appResource\repository\org\hibernate\hibernate-validator\5.3.6.Final\hibernate-validator-5.3.6.Final.jar;C:\appResource\repository\javax\validation\validation-api\1.1.0.Final\validation-api-1.1.0.Final.jar;C:\appResource\repository\org\jboss\logging\jboss-logging\3.3.2.Final\jboss-logging-3.3.2.Final.jar;C:\appResource\repository\com\fasterxml\classmate\1.3.4\classmate-1.3.4.jar;C:\appResource\repository\com\fasterxml\jackson\core\jackson-databind\2.8.11.2\jackson-databind-2.8.11.2.jar;C:\appResource\repository\com\fasterxml\jackson\core\jackson-annotations\2.8.0\jackson-annotations-2.8.0.jar;C:\appResource\repository\com\fasterxml\jackson\core\jackson-core\2.8.11\jackson-core-2.8.11.jar;C:\appResource\repository\org\springframework\spring-web\4.3.20.RELEASE\spring-web-4.3.20.RELEASE.jar;C:\appResource\repository\org\springframework\spring-aop\4.3.20.RELEASE\spring-aop-4.3.20.RELEASE.jar;C:\appResource\repository\org\springframework\spring-context\4.3.20.RELEASE\spring-context-4.3.20.RELEASE.jar;C:\appResource\repository\org\springframework\spring-webmvc\4.3.20.RELEASE\spring-webmvc-4.3.20.RELEASE.jar;C:\appResource\repository\org\springframework\spring-expression\4.3.20.RELEASE\spring-expression-4.3.20.RELEASE.jar;C:\appResource\repository\org\mybatis\spring\boot\mybatis-spring-boot-starter\1.3.2\mybatis-spring-boot-starter-1.3.2.jar;C:\appResource\repository\org\mybatis\spring\boot\mybatis-spring-boot-autoconfigure\1.3.2\mybatis-spring-boot-autoconfigure-1.3.2.jar;C:\appResource\repository\org\mybatis\mybatis\3.4.6\mybatis-3.4.6.jar;C:\appResource\repository\org\mybatis\mybatis-spring\1.3.2\mybatis-spring-1.3.2.jar;C:\appResource\repository\org\springframework\boot\spring-boot-starter-tomcat\1.5.17.RELEASE\spring-boot-starter-tomcat-1.5.17.RELEASE.jar;C:\appResource\repository\org\apache\tomcat\embed\tomcat-embed-core\8.5.34\tomcat-embed-core-8.5.34.jar;C:\appResource\repository\org\apache\tomcat\tomcat-annotations-api\8.5.34\tomcat-annotations-api-8.5.34.jar;C:\appResource\repository\org\apache\tomcat\embed\tomcat-embed-el\8.5.34\tomcat-embed-el-8.5.34.jar;C:\appResource\repository\org\apache\tomcat\embed\tomcat-embed-websocket\8.5.34\tomcat-embed-websocket-8.5.34.jar;C:\appResource\repository\mysql\mysql-connector-java\5.1.47\mysql-connector-java-5.1.47.jar;C:\appResource\repository\org\springframework\boot\spring-boot-starter-test\1.5.17.RELEASE\spring-boot-starter-test-1.5.17.RELEASE.jar;C:\appResource\repository\org\springframework\boot\spring-boot-test\1.5.17.RELEASE\spring-boot-test-1.5.17.RELEASE.jar;C:\appResource\repository\org\springframework\boot\spring-boot-test-autoconfigure\1.5.17.RELEASE\spring-boot-test-autoconfigure-1.5.17.RELEASE.jar;C:\appResource\repository\com\jayway\jsonpath\json-path\2.2.0\json-path-2.2.0.jar;C:\appResource\repository\net\minidev\json-smart\2.2.1\json-smart-2.2.1.jar;C:\appResource\repository\net\minidev\accessors-smart\1.1\accessors-smart-1.1.jar;C:\appResource\repository\org\ow2\asm\asm\5.0.3\asm-5.0.3.jar;C:\appResource\repository\org\slf4j\slf4j-api\1.7.25\slf4j-api-1.7.25.jar;C:\appResource\repository\junit\junit\4.12\junit-4.12.jar;C:\appResource\repository\org\assertj\assertj-core\2.6.0\assertj-core-2.6.0.jar;C:\appResource\repository\org\mockito\mockito-core\1.10.19\mockito-core-1.10.19.jar;C:\appResource\repository\org\objenesis\objenesis\2.1\objenesis-2.1.jar;C:\appResource\repository\org\hamcrest\hamcrest-core\1.3\hamcrest-core-1.3.jar;C:\appResource\repository\org\hamcrest\hamcrest-library\1.3\hamcrest-library-1.3.jar;C:\appResource\repository\org\skyscreamer\jsonassert\1.4.0\jsonassert-1.4.0.jar;C:\appResource\repository\com\vaadin\external\google\android-json\0.0.20131108.vaadin1\android-json-0.0.20131108.vaadin1.jar;C:\appResource\repository\org\springframework\spring-core\4.3.20.RELEASE\spring-core-4.3.20.RELEASE.jar;C:\appResource\repository\org\springframework\spring-test\4.3.20.RELEASE\spring-test-4.3.20.RELEASE.jar;, user.name=bo, java.vm.specification.version=1.8, sun.java.command=C:\project\zwnpactera\target\surefire\surefirebooter3705340896965702901.jar C:\project\zwnpactera\target\surefire\surefire950320601151464763tmp C:\project\zwnpactera\target\surefire\surefire_02016428743053965640tmp, java.home=C:\jdk\Java\jdk1.8.0_131\jre, sun.arch.data.model=64, user.language=zh, java.specification.vendor=Oracle Corporation, awt.toolkit=sun.awt.windows.WToolkit, java.vm.info=mixed mode, java.version=1.8.0_131, java.ext.dirs=C:\jdk\Java\jdk1.8.0_131\jre\lib\ext;C:\WINDOWS\Sun\Java\lib\ext, sun.boot.class.path=C:\jdk\Java\jdk1.8.0_131\jre\lib\resources.jar;C:\jdk\Java\jdk1.8.0_131\jre\lib\rt.jar;C:\jdk\Java\jdk1.8.0_131\jre\lib\sunrsasign.jar;C:\jdk\Java\jdk1.8.0_131\jre\lib\jsse.jar;C:\jdk\Java\jdk1.8.0_131\jre\lib\jce.jar;C:\jdk\Java\jdk1.8.0_131\jre\lib\charsets.jar;C:\jdk\Java\jdk1.8.0_131\jre\lib\jfr.jar;C:\jdk\Java\jdk1.8.0_131\jre\classes, java.vendor=Oracle Corporation, localRepository=C:\appResource\repository, file.separator=\, java.vendor.url.bug=http://bugreport.sun.com/bugreport/, sun.io.unicode.encoding=UnicodeLittle, sun.cpu.endian=little, sun.desktop=windows, sun.cpu.isalist=amd64}}, SystemEnvironmentPropertySource@603650290 {name='systemEnvironment', properties={PATH=C:\ProgramData\Oracle\Java\javapath;C:\Program Files (x86)\Intel\iCLS Client\;C:\Program Files\Intel\iCLS Client\;C:\Windows\system32;C:\Windows;C:\Windows\System32\Wbem;C:\Windows\System32\WindowsPowerShell\v1.0\;C:\Program Files (x86)\Intel\Intel(R) Management Engine Components\DAL;C:\Program Files\Intel\Intel(R) Management Engine Components\DAL;C:\Program Files (x86)\Intel\Intel(R) Management Engine Components\IPT;C:\Program Files\Intel\Intel(R) Management Engine Components\IPT;C:\Program Files (x86)\NVIDIA Corporation\PhysX\Common?;C:\jdk\Java\jdk1.8.0_131\bin;C:\jdk\Java\jdk1.8.0_131\jre\bin£»C:\tomcat7.0\apache-tomcat-7.0.52\lib;C:\tomcat7.0\apache-tomcat-7.0.52\bin;C:\Program Files (x86)\NVIDIA Corporation\PhysX\Common;C:\Program Files (x86)\Microsoft SQL Server\100\Tools\Binn\;C:\Program Files\Microsoft SQL Server\100\Tools\Binn\;C:\Program Files\Microsoft SQL Server\100\DTS\Binn\;C:\Program Files (x86)\Microsoft SQL Server\100\Tools\Binn\VSShell\Common7\IDE\;C:\Program Files (x86)\Microsoft SQL Server\100\DTS\Binn\;C:\Program Files (x86)\Microsoft Visual Studio 9.0\Common7\IDE\PrivateAssemblies\;C:\TortoiseSVN\bin;C:\WINDOWS\system32;C:\WINDOWS;C:\WINDOWS\System32\Wbem;C:\WINDOWS\System32\WindowsPowerShell\v1.0\;C:\Program Files\Microsoft SQL Server\120\DTS\Binn\;C:\Program Files\Microsoft SQL Server\Client SDK\ODBC\110\Tools\Binn\;C:\Program Files (x86)\Microsoft SQL Server\120\Tools\Binn\;C:\Program Files\Microsoft SQL Server\120\Tools\Binn\;C:\Program Files (x86)\Microsoft SQL Server\120\Tools\Binn\ManagementStudio\;C:\Program Files (x86)\Microsoft SQL Server\120\DTS\Binn\;C:\WINDOWS\System32\OpenSSH\;C:\appResource\mysql\bin;C:\Program Files\MySQL\MySQL Server 5.5\bin;C:\Program Files\MySQL\MySQL Utilities 1.6\;C:\Users\bo\AppData\Local\Microsoft\WindowsApps;, USERDOMAIN_ROAMINGPROFILE=DESKTOP-HFL86OV, LOCALAPPDATA=C:\Users\bo\AppData\Local, PROCESSOR_LEVEL=6, SYSTEMDRIVE=C:, COMMONPROGRAMFILES(X86)=C:\Program Files (x86)\Common Files, USERDOMAIN=DESKTOP-HFL86OV, FPS_BROWSER_APP_PROFILE_STRING=Internet Explorer, LOGONSERVER=\\DESKTOP-HFL86OV, JAVA_HOME=C:\jdk\Java\jdk1.8.0_131, PROMPT=$P$G, SESSIONNAME=Console, ALLUSERSPROFILE=C:\ProgramData, PROGRAMFILES(X86)=C:\Program Files (x86), PROCESSOR_ARCHITECTURE=AMD64, DRIVERDATA=C:\Windows\System32\Drivers\DriverData, CATALINA_BASE=C:\tomcat7.0\apache-tomcat-7.0.52, PROGRAMFILES=C:\Program Files, =C:=C:\project\zwnpactera, APPDATA=C:\Users\bo\AppData\Roaming, PSMODULEPATH=C:\Program Files\WindowsPowerShell\Modules;C:\WINDOWS\system32\WindowsPowerShell\v1.0\Modules;C:\Program Files (x86)\Microsoft SQL Server\120\Tools\PowerShell\Modules\, PROGRAMW6432=C:\Program Files, PROGRAMDATA=C:\ProgramData, SYSTEMROOT=C:\WINDOWS, USERNAME=bo, FPS_BROWSER_USER_PROFILE_STRING=Default, ONEDRIVE=C:\Users\bo\OneDrive, CONFIGSETROOT=C:\WINDOWS\ConfigSetRoot, PATHEXT=.COM;.EXE;.BAT;.CMD;.VBS;.VBE;.JS;.JSE;.WSF;.WSH;.MSC, OS=Windows_NT, COMMONPROGRAMW6432=C:\Program Files\Common Files, COMPUTERNAME=DESKTOP-HFL86OV, COMMONPROGRAMFILES=C:\Program Files\Common Files, COMSPEC=C:\WINDOWS\system32\cmd.exe, CATALINA_HOME=C:\tomcat7.0\apache-tomcat-7.0.52, PROCESSOR_REVISION=8e09, CLASSPATH=.;C:\jdk\Java\jdk1.8.0_131\lib;C:\jdk\Java\jdk1.8.0_131\lib\tools.jar ? ?, WINDIR=C:\WINDOWS, HOMEPATH=\Users\bo, TEMP=C:\Users\bo\AppData\Local\Temp, HOMEDRIVE=C:, PROCESSOR_IDENTIFIER=Intel64 Family 6 Model 142 Stepping 9, GenuineIntel, USERPROFILE=C:\Users\bo, TMP=C:\Users\bo\AppData\Local\Temp, PUBLIC=C:\Users\Public, NUMBER_OF_PROCESSORS=4, =::=::\}}]
10:03:14.936 [main] DEBUG org.springframework.core.io.support.PathMatchingResourcePatternResolver - Resolved classpath location [com/zwnpactera/] to resources [URL [file:/C:/project/zwnpactera/target/test-classes/com/zwnpactera/]]
10:03:14.936 [main] DEBUG org.springframework.core.io.support.PathMatchingResourcePatternResolver - Looking for matching resources in directory tree [C:\project\zwnpactera\target\test-classes\com\zwnpactera]
10:03:14.936 [main] DEBUG org.springframework.core.io.support.PathMatchingResourcePatternResolver - Searching directory [C:\project\zwnpactera\target\test-classes\com\zwnpactera] for files matching pattern [C:/project/zwnpactera/target/test-classes/com/zwnpactera/*.class]
10:03:14.936 [main] DEBUG org.springframework.core.io.support.PathMatchingResourcePatternResolver - Resolved location pattern [classpath*:com/zwnpactera/*.class] to resources [file [C:\project\zwnpactera\target\test-classes\com\zwnpactera\ZwnpacteraApplicationTests.class]]
10:03:14.952 [main] DEBUG org.springframework.core.io.support.PathMatchingResourcePatternResolver - Resolved classpath location [com/] to resources [URL [file:/C:/project/zwnpactera/target/test-classes/com/], URL [file:/C:/project/zwnpactera/target/classes/com/], URL [jar:file:/C:/appResource/repository/com/fasterxml/classmate/1.3.4/classmate-1.3.4.jar!/com/], URL [jar:file:/C:/appResource/repository/com/fasterxml/jackson/core/jackson-databind/2.8.11.2/jackson-databind-2.8.11.2.jar!/com/], URL [jar:file:/C:/appResource/repository/com/fasterxml/jackson/core/jackson-annotations/2.8.0/jackson-annotations-2.8.0.jar!/com/], URL [jar:file:/C:/appResource/repository/com/fasterxml/jackson/core/jackson-core/2.8.11/jackson-core-2.8.11.jar!/com/], URL [jar:file:/C:/appResource/repository/mysql/mysql-connector-java/5.1.47/mysql-connector-java-5.1.47.jar!/com/], URL [jar:file:/C:/appResource/repository/com/jayway/jsonpath/json-path/2.2.0/json-path-2.2.0.jar!/com/]]
10:03:14.952 [main] DEBUG org.springframework.core.io.support.PathMatchingResourcePatternResolver - Looking for matching resources in directory tree [C:\project\zwnpactera\target\test-classes\com]
10:03:14.952 [main] DEBUG org.springframework.core.io.support.PathMatchingResourcePatternResolver - Searching directory [C:\project\zwnpactera\target\test-classes\com] for files matching pattern [C:/project/zwnpactera/target/test-classes/com/*.class]
10:03:14.952 [main] DEBUG org.springframework.core.io.support.PathMatchingResourcePatternResolver - Looking for matching resources in directory tree [C:\project\zwnpactera\target\classes\com]
10:03:14.952 [main] DEBUG org.springframework.core.io.support.PathMatchingResourcePatternResolver - Searching directory [C:\project\zwnpactera\target\classes\com] for files matching pattern [C:/project/zwnpactera/target/classes/com/*.class]
10:03:14.952 [main] DEBUG org.springframework.core.io.support.PathMatchingResourcePatternResolver - Looking for matching resources in jar file [file:/C:/appResource/repository/com/fasterxml/classmate/1.3.4/classmate-1.3.4.jar]
10:03:14.952 [main] DEBUG org.springframework.core.io.support.PathMatchingResourcePatternResolver - Looking for matching resources in jar file [file:/C:/appResource/repository/com/fasterxml/jackson/core/jackson-databind/2.8.11.2/jackson-databind-2.8.11.2.jar]
10:03:14.983 [main] DEBUG org.springframework.core.io.support.PathMatchingResourcePatternResolver - Looking for matching resources in jar file [file:/C:/appResource/repository/com/fasterxml/jackson/core/jackson-annotations/2.8.0/jackson-annotations-2.8.0.jar]
10:03:14.983 [main] DEBUG org.springframework.core.io.support.PathMatchingResourcePatternResolver - Looking for matching resources in jar file [file:/C:/appResource/repository/com/fasterxml/jackson/core/jackson-core/2.8.11/jackson-core-2.8.11.jar]
10:03:14.983 [main] DEBUG org.springframework.core.io.support.PathMatchingResourcePatternResolver - Looking for matching resources in jar file [file:/C:/appResource/repository/mysql/mysql-connector-java/5.1.47/mysql-connector-java-5.1.47.jar]
10:03:14.983 [main] DEBUG org.springframework.core.io.support.PathMatchingResourcePatternResolver - Looking for matching resources in jar file [file:/C:/appResource/repository/com/jayway/jsonpath/json-path/2.2.0/json-path-2.2.0.jar]
10:03:14.983 [main] DEBUG org.springframework.core.io.support.PathMatchingResourcePatternResolver - Resolved location pattern [classpath*:com/*.class] to resources []
10:03:14.983 [main] DEBUG org.springframework.test.context.junit4.SpringJUnit4ClassRunner - SpringJUnit4ClassRunner constructor called with [class com.zwnpactera.ZwnpacteraApplicationTests]
10:03:14.983 [main] DEBUG org.springframework.test.context.BootstrapUtils - Instantiating CacheAwareContextLoaderDelegate from class [org.springframework.test.context.cache.DefaultCacheAwareContextLoaderDelegate]
10:03:14.999 [main] DEBUG org.springframework.test.context.BootstrapUtils - Instantiating BootstrapContext using constructor [public org.springframework.test.context.support.DefaultBootstrapContext(java.lang.Class,org.springframework.test.context.CacheAwareContextLoaderDelegate)]
10:03:14.999 [main] DEBUG org.springframework.test.context.BootstrapUtils - Instantiating TestContextBootstrapper for test class [com.zwnpactera.ZwnpacteraApplicationTests] from class [org.springframework.boot.test.context.SpringBootTestContextBootstrapper]
10:03:14.999 [main] INFO org.springframework.boot.test.context.SpringBootTestContextBootstrapper - Neither @ContextConfiguration nor @ContextHierarchy found for test class [com.zwnpactera.ZwnpacteraApplicationTests], using SpringBootContextLoader
10:03:14.999 [main] DEBUG org.springframework.test.context.support.AbstractContextLoader - Did not detect default resource location for test class [com.zwnpactera.ZwnpacteraApplicationTests]: class path resource [com/zwnpactera/ZwnpacteraApplicationTests-context.xml] does not exist
10:03:14.999 [main] DEBUG org.springframework.test.context.support.AbstractContextLoader - Did not detect default resource location for test class [com.zwnpactera.ZwnpacteraApplicationTests]: class path resource [com/zwnpactera/ZwnpacteraApplicationTestsContext.groovy] does not exist
10:03:14.999 [main] INFO org.springframework.test.context.support.AbstractContextLoader - Could not detect default resource locations for test class [com.zwnpactera.ZwnpacteraApplicationTests]: no resource found for suffixes {-context.xml, Context.groovy}.
10:03:14.999 [main] INFO org.springframework.test.context.support.AnnotationConfigContextLoaderUtils - Could not detect default configuration classes for test class [com.zwnpactera.ZwnpacteraApplicationTests]: ZwnpacteraApplicationTests does not declare any static, non-private, non-final, nested classes annotated with @Configuration.
10:03:15.061 [main] DEBUG org.springframework.test.context.support.ActiveProfilesUtils - Could not find an 'annotation declaring class' for annotation type [org.springframework.test.context.ActiveProfiles] and class [com.zwnpactera.ZwnpacteraApplicationTests]
10:03:15.061 [main] DEBUG org.springframework.core.env.StandardEnvironment - Adding PropertySource 'systemProperties' with lowest search precedence
10:03:15.061 [main] DEBUG org.springframework.core.env.StandardEnvironment - Adding PropertySource 'systemEnvironment' with lowest search precedence
10:03:15.061 [main] DEBUG org.springframework.core.env.StandardEnvironment - Initialized StandardEnvironment with PropertySources [MapPropertySource@439904756 {name='systemProperties', properties={idea.version=2017.1.1, java.runtime.name=Java(TM) SE Runtime Environment, sun.boot.library.path=C:\jdk\Java\jdk1.8.0_131\jre\bin, java.vm.version=25.131-b11, java.vm.vendor=Oracle Corporation, java.vendor.url=http://java.oracle.com/, path.separator=;, java.vm.name=Java HotSpot(TM) 64-Bit Server VM, file.encoding.pkg=sun.io, user.country=CN, user.script=, sun.java.launcher=SUN_STANDARD, sun.os.patch.level=, java.vm.specification.name=Java Virtual Machine Specification, user.dir=C:\project\zwnpactera, java.runtime.version=1.8.0_131-b11, basedir=C:\project\zwnpactera, java.awt.graphicsenv=sun.awt.Win32GraphicsEnvironment, java.endorsed.dirs=C:\jdk\Java\jdk1.8.0_131\jre\lib\endorsed, os.arch=amd64, surefire.real.class.path=C:\project\zwnpactera\target\surefire\surefirebooter3705340896965702901.jar, java.io.tmpdir=C:\Users\bo\AppData\Local\Temp\, line.separator=
, java.vm.specification.vendor=Oracle Corporation, user.variant=, os.name=Windows 10, sun.jnu.encoding=GBK, java.library.path=C:\jdk\Java\jdk1.8.0_131\jre\bin;C:\WINDOWS\Sun\Java\bin;C:\WINDOWS\system32;C:\WINDOWS;C:\ProgramData\Oracle\Java\javapath;C:\Program Files (x86)\Intel\iCLS Client\;C:\Program Files\Intel\iCLS Client\;C:\Windows\system32;C:\Windows;C:\Windows\System32\Wbem;C:\Windows\System32\WindowsPowerShell\v1.0\;C:\Program Files (x86)\Intel\Intel(R) Management Engine Components\DAL;C:\Program Files\Intel\Intel(R) Management Engine Components\DAL;C:\Program Files (x86)\Intel\Intel(R) Management Engine Components\IPT;C:\Program Files\Intel\Intel(R) Management Engine Components\IPT;C:\Program Files (x86)\NVIDIA Corporation\PhysX\Common?;C:\jdk\Java\jdk1.8.0_131\bin;C:\jdk\Java\jdk1.8.0_131\jre\bin£»C:\tomcat7.0\apache-tomcat-7.0.52\lib;C:\tomcat7.0\apache-tomcat-7.0.52\bin;C:\Program Files (x86)\NVIDIA Corporation\PhysX\Common;C:\Program Files (x86)\Microsoft SQL Server\100\Tools\Binn\;C:\Program Files\Microsoft SQL Server\100\Tools\Binn\;C:\Program Files\Microsoft SQL Server\100\DTS\Binn\;C:\Program Files (x86)\Microsoft SQL Server\100\Tools\Binn\VSShell\Common7\IDE\;C:\Program Files (x86)\Microsoft SQL Server\100\DTS\Binn\;C:\Program Files (x86)\Microsoft Visual Studio 9.0\Common7\IDE\PrivateAssemblies\;C:\TortoiseSVN\bin;C:\WINDOWS\system32;C:\WINDOWS;C:\WINDOWS\System32\Wbem;C:\WINDOWS\System32\WindowsPowerShell\v1.0\;C:\Program Files\Microsoft SQL Server\120\DTS\Binn\;C:\Program Files\Microsoft SQL Server\Client SDK\ODBC\110\Tools\Binn\;C:\Program Files (x86)\Microsoft SQL Server\120\Tools\Binn\;C:\Program Files\Microsoft SQL Server\120\Tools\Binn\;C:\Program Files (x86)\Microsoft SQL Server\120\Tools\Binn\ManagementStudio\;C:\Program Files (x86)\Microsoft SQL Server\120\DTS\Binn\;C:\WINDOWS\System32\OpenSSH\;C:\appResource\mysql\bin;C:\Program Files\MySQL\MySQL Server 5.5\bin;C:\Program Files\MySQL\MySQL Utilities 1.6\;C:\Users\bo\AppData\Local\Microsoft\WindowsApps;;., surefire.test.class.path=C:\project\zwnpactera\target\test-classes;C:\project\zwnpactera\target\classes;C:\appResource\repository\org\springframework\boot\spring-boot-starter-jdbc\1.5.17.RELEASE\spring-boot-starter-jdbc-1.5.17.RELEASE.jar;C:\appResource\repository\org\springframework\boot\spring-boot-starter\1.5.17.RELEASE\spring-boot-starter-1.5.17.RELEASE.jar;C:\appResource\repository\org\springframework\boot\spring-boot\1.5.17.RELEASE\spring-boot-1.5.17.RELEASE.jar;C:\appResource\repository\org\springframework\boot\spring-boot-autoconfigure\1.5.17.RELEASE\spring-boot-autoconfigure-1.5.17.RELEASE.jar;C:\appResource\repository\org\springframework\boot\spring-boot-starter-logging\1.5.17.RELEASE\spring-boot-starter-logging-1.5.17.RELEASE.jar;C:\appResource\repository\ch\qos\logback\logback-classic\1.1.11\logback-classic-1.1.11.jar;C:\appResource\repository\ch\qos\logback\logback-core\1.1.11\logback-core-1.1.11.jar;C:\appResource\repository\org\slf4j\jcl-over-slf4j\1.7.25\jcl-over-slf4j-1.7.25.jar;C:\appResource\repository\org\slf4j\jul-to-slf4j\1.7.25\jul-to-slf4j-1.7.25.jar;C:\appResource\repository\org\slf4j\log4j-over-slf4j\1.7.25\log4j-over-slf4j-1.7.25.jar;C:\appResource\repository\org\yaml\snakeyaml\1.17\snakeyaml-1.17.jar;C:\appResource\repository\org\apache\tomcat\tomcat-jdbc\8.5.34\tomcat-jdbc-8.5.34.jar;C:\appResource\repository\org\apache\tomcat\tomcat-juli\8.5.34\tomcat-juli-8.5.34.jar;C:\appResource\repository\org\springframework\spring-jdbc\4.3.20.RELEASE\spring-jdbc-4.3.20.RELEASE.jar;C:\appResource\repository\org\springframework\spring-beans\4.3.20.RELEASE\spring-beans-4.3.20.RELEASE.jar;C:\appResource\repository\org\springframework\spring-tx\4.3.20.RELEASE\spring-tx-4.3.20.RELEASE.jar;C:\appResource\repository\org\springframework\boot\spring-boot-starter-web\1.5.17.RELEASE\spring-boot-starter-web-1.5.17.RELEASE.jar;C:\appResource\repository\org\hibernate\hibernate-validator\5.3.6.Final\hibernate-validator-5.3.6.Final.jar;C:\appResource\repository\javax\validation\validation-api\1.1.0.Final\validation-api-1.1.0.Final.jar;C:\appResource\repository\org\jboss\logging\jboss-logging\3.3.2.Final\jboss-logging-3.3.2.Final.jar;C:\appResource\repository\com\fasterxml\classmate\1.3.4\classmate-1.3.4.jar;C:\appResource\repository\com\fasterxml\jackson\core\jackson-databind\2.8.11.2\jackson-databind-2.8.11.2.jar;C:\appResource\repository\com\fasterxml\jackson\core\jackson-annotations\2.8.0\jackson-annotations-2.8.0.jar;C:\appResource\repository\com\fasterxml\jackson\core\jackson-core\2.8.11\jackson-core-2.8.11.jar;C:\appResource\repository\org\springframework\spring-web\4.3.20.RELEASE\spring-web-4.3.20.RELEASE.jar;C:\appResource\repository\org\springframework\spring-aop\4.3.20.RELEASE\spring-aop-4.3.20.RELEASE.jar;C:\appResource\repository\org\springframework\spring-context\4.3.20.RELEASE\spring-context-4.3.20.RELEASE.jar;C:\appResource\repository\org\springframework\spring-webmvc\4.3.20.RELEASE\spring-webmvc-4.3.20.RELEASE.jar;C:\appResource\repository\org\springframework\spring-expression\4.3.20.RELEASE\spring-expression-4.3.20.RELEASE.jar;C:\appResource\repository\org\mybatis\spring\boot\mybatis-spring-boot-starter\1.3.2\mybatis-spring-boot-starter-1.3.2.jar;C:\appResource\repository\org\mybatis\spring\boot\mybatis-spring-boot-autoconfigure\1.3.2\mybatis-spring-boot-autoconfigure-1.3.2.jar;C:\appResource\repository\org\mybatis\mybatis\3.4.6\mybatis-3.4.6.jar;C:\appResource\repository\org\mybatis\mybatis-spring\1.3.2\mybatis-spring-1.3.2.jar;C:\appResource\repository\org\springframework\boot\spring-boot-starter-tomcat\1.5.17.RELEASE\spring-boot-starter-tomcat-1.5.17.RELEASE.jar;C:\appResource\repository\org\apache\tomcat\embed\tomcat-embed-core\8.5.34\tomcat-embed-core-8.5.34.jar;C:\appResource\repository\org\apache\tomcat\tomcat-annotations-api\8.5.34\tomcat-annotations-api-8.5.34.jar;C:\appResource\repository\org\apache\tomcat\embed\tomcat-embed-el\8.5.34\tomcat-embed-el-8.5.34.jar;C:\appResource\repository\org\apache\tomcat\embed\tomcat-embed-websocket\8.5.34\tomcat-embed-websocket-8.5.34.jar;C:\appResource\repository\mysql\mysql-connector-java\5.1.47\mysql-connector-java-5.1.47.jar;C:\appResource\repository\org\springframework\boot\spring-boot-starter-test\1.5.17.RELEASE\spring-boot-starter-test-1.5.17.RELEASE.jar;C:\appResource\repository\org\springframework\boot\spring-boot-test\1.5.17.RELEASE\spring-boot-test-1.5.17.RELEASE.jar;C:\appResource\repository\org\springframework\boot\spring-boot-test-autoconfigure\1.5.17.RELEASE\spring-boot-test-autoconfigure-1.5.17.RELEASE.jar;C:\appResource\repository\com\jayway\jsonpath\json-path\2.2.0\json-path-2.2.0.jar;C:\appResource\repository\net\minidev\json-smart\2.2.1\json-smart-2.2.1.jar;C:\appResource\repository\net\minidev\accessors-smart\1.1\accessors-smart-1.1.jar;C:\appResource\repository\org\ow2\asm\asm\5.0.3\asm-5.0.3.jar;C:\appResource\repository\org\slf4j\slf4j-api\1.7.25\slf4j-api-1.7.25.jar;C:\appResource\repository\junit\junit\4.12\junit-4.12.jar;C:\appResource\repository\org\assertj\assertj-core\2.6.0\assertj-core-2.6.0.jar;C:\appResource\repository\org\mockito\mockito-core\1.10.19\mockito-core-1.10.19.jar;C:\appResource\repository\org\objenesis\objenesis\2.1\objenesis-2.1.jar;C:\appResource\repository\org\hamcrest\hamcrest-core\1.3\hamcrest-core-1.3.jar;C:\appResource\repository\org\hamcrest\hamcrest-library\1.3\hamcrest-library-1.3.jar;C:\appResource\repository\org\skyscreamer\jsonassert\1.4.0\jsonassert-1.4.0.jar;C:\appResource\repository\com\vaadin\external\google\android-json\0.0.20131108.vaadin1\android-json-0.0.20131108.vaadin1.jar;C:\appResource\repository\org\springframework\spring-core\4.3.20.RELEASE\spring-core-4.3.20.RELEASE.jar;C:\appResource\repository\org\springframework\spring-test\4.3.20.RELEASE\spring-test-4.3.20.RELEASE.jar;, java.specification.name=Java Platform API Specification, java.class.version=52.0, sun.management.compiler=HotSpot 64-Bit Tiered Compilers, os.version=10.0, user.home=C:\Users\bo, user.timezone=Asia/Shanghai, java.awt.printerjob=sun.awt.windows.WPrinterJob, file.encoding=GBK, java.specification.version=1.8, java.class.path=C:\project\zwnpactera\target\test-classes;C:\project\zwnpactera\target\classes;C:\appResource\repository\org\springframework\boot\spring-boot-starter-jdbc\1.5.17.RELEASE\spring-boot-starter-jdbc-1.5.17.RELEASE.jar;C:\appResource\repository\org\springframework\boot\spring-boot-starter\1.5.17.RELEASE\spring-boot-starter-1.5.17.RELEASE.jar;C:\appResource\repository\org\springframework\boot\spring-boot\1.5.17.RELEASE\spring-boot-1.5.17.RELEASE.jar;C:\appResource\repository\org\springframework\boot\spring-boot-autoconfigure\1.5.17.RELEASE\spring-boot-autoconfigure-1.5.17.RELEASE.jar;C:\appResource\repository\org\springframework\boot\spring-boot-starter-logging\1.5.17.RELEASE\spring-boot-starter-logging-1.5.17.RELEASE.jar;C:\appResource\repository\ch\qos\logback\logback-classic\1.1.11\logback-classic-1.1.11.jar;C:\appResource\repository\ch\qos\logback\logback-core\1.1.11\logback-core-1.1.11.jar;C:\appResource\repository\org\slf4j\jcl-over-slf4j\1.7.25\jcl-over-slf4j-1.7.25.jar;C:\appResource\repository\org\slf4j\jul-to-slf4j\1.7.25\jul-to-slf4j-1.7.25.jar;C:\appResource\repository\org\slf4j\log4j-over-slf4j\1.7.25\log4j-over-slf4j-1.7.25.jar;C:\appResource\repository\org\yaml\snakeyaml\1.17\snakeyaml-1.17.jar;C:\appResource\repository\org\apache\tomcat\tomcat-jdbc\8.5.34\tomcat-jdbc-8.5.34.jar;C:\appResource\repository\org\apache\tomcat\tomcat-juli\8.5.34\tomcat-juli-8.5.34.jar;C:\appResource\repository\org\springframework\spring-jdbc\4.3.20.RELEASE\spring-jdbc-4.3.20.RELEASE.jar;C:\appResource\repository\org\springframework\spring-beans\4.3.20.RELEASE\spring-beans-4.3.20.RELEASE.jar;C:\appResource\repository\org\springframework\spring-tx\4.3.20.RELEASE\spring-tx-4.3.20.RELEASE.jar;C:\appResource\repository\org\springframework\boot\spring-boot-starter-web\1.5.17.RELEASE\spring-boot-starter-web-1.5.17.RELEASE.jar;C:\appResource\repository\org\hibernate\hibernate-validator\5.3.6.Final\hibernate-validator-5.3.6.Final.jar;C:\appResource\repository\javax\validation\validation-api\1.1.0.Final\validation-api-1.1.0.Final.jar;C:\appResource\repository\org\jboss\logging\jboss-logging\3.3.2.Final\jboss-logging-3.3.2.Final.jar;C:\appResource\repository\com\fasterxml\classmate\1.3.4\classmate-1.3.4.jar;C:\appResource\repository\com\fasterxml\jackson\core\jackson-databind\2.8.11.2\jackson-databind-2.8.11.2.jar;C:\appResource\repository\com\fasterxml\jackson\core\jackson-annotations\2.8.0\jackson-annotations-2.8.0.jar;C:\appResource\repository\com\fasterxml\jackson\core\jackson-core\2.8.11\jackson-core-2.8.11.jar;C:\appResource\repository\org\springframework\spring-web\4.3.20.RELEASE\spring-web-4.3.20.RELEASE.jar;C:\appResource\repository\org\springframework\spring-aop\4.3.20.RELEASE\spring-aop-4.3.20.RELEASE.jar;C:\appResource\repository\org\springframework\spring-context\4.3.20.RELEASE\spring-context-4.3.20.RELEASE.jar;C:\appResource\repository\org\springframework\spring-webmvc\4.3.20.RELEASE\spring-webmvc-4.3.20.RELEASE.jar;C:\appResource\repository\org\springframework\spring-expression\4.3.20.RELEASE\spring-expression-4.3.20.RELEASE.jar;C:\appResource\repository\org\mybatis\spring\boot\mybatis-spring-boot-starter\1.3.2\mybatis-spring-boot-starter-1.3.2.jar;C:\appResource\repository\org\mybatis\spring\boot\mybatis-spring-boot-autoconfigure\1.3.2\mybatis-spring-boot-autoconfigure-1.3.2.jar;C:\appResource\repository\org\mybatis\mybatis\3.4.6\mybatis-3.4.6.jar;C:\appResource\repository\org\mybatis\mybatis-spring\1.3.2\mybatis-spring-1.3.2.jar;C:\appResource\repository\org\springframework\boot\spring-boot-starter-tomcat\1.5.17.RELEASE\spring-boot-starter-tomcat-1.5.17.RELEASE.jar;C:\appResource\repository\org\apache\tomcat\embed\tomcat-embed-core\8.5.34\tomcat-embed-core-8.5.34.jar;C:\appResource\repository\org\apache\tomcat\tomcat-annotations-api\8.5.34\tomcat-annotations-api-8.5.34.jar;C:\appResource\repository\org\apache\tomcat\embed\tomcat-embed-el\8.5.34\tomcat-embed-el-8.5.34.jar;C:\appResource\repository\org\apache\tomcat\embed\tomcat-embed-websocket\8.5.34\tomcat-embed-websocket-8.5.34.jar;C:\appResource\repository\mysql\mysql-connector-java\5.1.47\mysql-connector-java-5.1.47.jar;C:\appResource\repository\org\springframework\boot\spring-boot-starter-test\1.5.17.RELEASE\spring-boot-starter-test-1.5.17.RELEASE.jar;C:\appResource\repository\org\springframework\boot\spring-boot-test\1.5.17.RELEASE\spring-boot-test-1.5.17.RELEASE.jar;C:\appResource\repository\org\springframework\boot\spring-boot-test-autoconfigure\1.5.17.RELEASE\spring-boot-test-autoconfigure-1.5.17.RELEASE.jar;C:\appResource\repository\com\jayway\jsonpath\json-path\2.2.0\json-path-2.2.0.jar;C:\appResource\repository\net\minidev\json-smart\2.2.1\json-smart-2.2.1.jar;C:\appResource\repository\net\minidev\accessors-smart\1.1\accessors-smart-1.1.jar;C:\appResource\repository\org\ow2\asm\asm\5.0.3\asm-5.0.3.jar;C:\appResource\repository\org\slf4j\slf4j-api\1.7.25\slf4j-api-1.7.25.jar;C:\appResource\repository\junit\junit\4.12\junit-4.12.jar;C:\appResource\repository\org\assertj\assertj-core\2.6.0\assertj-core-2.6.0.jar;C:\appResource\repository\org\mockito\mockito-core\1.10.19\mockito-core-1.10.19.jar;C:\appResource\repository\org\objenesis\objenesis\2.1\objenesis-2.1.jar;C:\appResource\repository\org\hamcrest\hamcrest-core\1.3\hamcrest-core-1.3.jar;C:\appResource\repository\org\hamcrest\hamcrest-library\1.3\hamcrest-library-1.3.jar;C:\appResource\repository\org\skyscreamer\jsonassert\1.4.0\jsonassert-1.4.0.jar;C:\appResource\repository\com\vaadin\external\google\android-json\0.0.20131108.vaadin1\android-json-0.0.20131108.vaadin1.jar;C:\appResource\repository\org\springframework\spring-core\4.3.20.RELEASE\spring-core-4.3.20.RELEASE.jar;C:\appResource\repository\org\springframework\spring-test\4.3.20.RELEASE\spring-test-4.3.20.RELEASE.jar;, user.name=bo, java.vm.specification.version=1.8, sun.java.command=C:\project\zwnpactera\target\surefire\surefirebooter3705340896965702901.jar C:\project\zwnpactera\target\surefire\surefire950320601151464763tmp C:\project\zwnpactera\target\surefire\surefire_02016428743053965640tmp, java.home=C:\jdk\Java\jdk1.8.0_131\jre, sun.arch.data.model=64, user.language=zh, java.specification.vendor=Oracle Corporation, awt.toolkit=sun.awt.windows.WToolkit, java.vm.info=mixed mode, java.version=1.8.0_131, java.ext.dirs=C:\jdk\Java\jdk1.8.0_131\jre\lib\ext;C:\WINDOWS\Sun\Java\lib\ext, sun.boot.class.path=C:\jdk\Java\jdk1.8.0_131\jre\lib\resources.jar;C:\jdk\Java\jdk1.8.0_131\jre\lib\rt.jar;C:\jdk\Java\jdk1.8.0_131\jre\lib\sunrsasign.jar;C:\jdk\Java\jdk1.8.0_131\jre\lib\jsse.jar;C:\jdk\Java\jdk1.8.0_131\jre\lib\jce.jar;C:\jdk\Java\jdk1.8.0_131\jre\lib\charsets.jar;C:\jdk\Java\jdk1.8.0_131\jre\lib\jfr.jar;C:\jdk\Java\jdk1.8.0_131\jre\classes, java.vendor=Oracle Corporation, localRepository=C:\appResource\repository, file.separator=\, java.vendor.url.bug=http://bugreport.sun.com/bugreport/, sun.io.unicode.encoding=UnicodeLittle, sun.cpu.endian=little, sun.desktop=windows, sun.cpu.isalist=amd64}}, SystemEnvironmentPropertySource@171497379 {name='systemEnvironment', properties={PATH=C:\ProgramData\Oracle\Java\javapath;C:\Program Files (x86)\Intel\iCLS Client\;C:\Program Files\Intel\iCLS Client\;C:\Windows\system32;C:\Windows;C:\Windows\System32\Wbem;C:\Windows\System32\WindowsPowerShell\v1.0\;C:\Program Files (x86)\Intel\Intel(R) Management Engine Components\DAL;C:\Program Files\Intel\Intel(R) Management Engine Components\DAL;C:\Program Files (x86)\Intel\Intel(R) Management Engine Components\IPT;C:\Program Files\Intel\Intel(R) Management Engine Components\IPT;C:\Program Files (x86)\NVIDIA Corporation\PhysX\Common?;C:\jdk\Java\jdk1.8.0_131\bin;C:\jdk\Java\jdk1.8.0_131\jre\bin£»C:\tomcat7.0\apache-tomcat-7.0.52\lib;C:\tomcat7.0\apache-tomcat-7.0.52\bin;C:\Program Files (x86)\NVIDIA Corporation\PhysX\Common;C:\Program Files (x86)\Microsoft SQL Server\100\Tools\Binn\;C:\Program Files\Microsoft SQL Server\100\Tools\Binn\;C:\Program Files\Microsoft SQL Server\100\DTS\Binn\;C:\Program Files (x86)\Microsoft SQL Server\100\Tools\Binn\VSShell\Common7\IDE\;C:\Program Files (x86)\Microsoft SQL Server\100\DTS\Binn\;C:\Program Files (x86)\Microsoft Visual Studio 9.0\Common7\IDE\PrivateAssemblies\;C:\TortoiseSVN\bin;C:\WINDOWS\system32;C:\WINDOWS;C:\WINDOWS\System32\Wbem;C:\WINDOWS\System32\WindowsPowerShell\v1.0\;C:\Program Files\Microsoft SQL Server\120\DTS\Binn\;C:\Program Files\Microsoft SQL Server\Client SDK\ODBC\110\Tools\Binn\;C:\Program Files (x86)\Microsoft SQL Server\120\Tools\Binn\;C:\Program Files\Microsoft SQL Server\120\Tools\Binn\;C:\Program Files (x86)\Microsoft SQL Server\120\Tools\Binn\ManagementStudio\;C:\Program Files (x86)\Microsoft SQL Server\120\DTS\Binn\;C:\WINDOWS\System32\OpenSSH\;C:\appResource\mysql\bin;C:\Program Files\MySQL\MySQL Server 5.5\bin;C:\Program Files\MySQL\MySQL Utilities 1.6\;C:\Users\bo\AppData\Local\Microsoft\WindowsApps;, USERDOMAIN_ROAMINGPROFILE=DESKTOP-HFL86OV, LOCALAPPDATA=C:\Users\bo\AppData\Local, PROCESSOR_LEVEL=6, SYSTEMDRIVE=C:, COMMONPROGRAMFILES(X86)=C:\Program Files (x86)\Common Files, USERDOMAIN=DESKTOP-HFL86OV, FPS_BROWSER_APP_PROFILE_STRING=Internet Explorer, LOGONSERVER=\\DESKTOP-HFL86OV, JAVA_HOME=C:\jdk\Java\jdk1.8.0_131, PROMPT=$P$G, SESSIONNAME=Console, ALLUSERSPROFILE=C:\ProgramData, PROGRAMFILES(X86)=C:\Program Files (x86), PROCESSOR_ARCHITECTURE=AMD64, DRIVERDATA=C:\Windows\System32\Drivers\DriverData, CATALINA_BASE=C:\tomcat7.0\apache-tomcat-7.0.52, PROGRAMFILES=C:\Program Files, =C:=C:\project\zwnpactera, APPDATA=C:\Users\bo\AppData\Roaming, PSMODULEPATH=C:\Program Files\WindowsPowerShell\Modules;C:\WINDOWS\system32\WindowsPowerShell\v1.0\Modules;C:\Program Files (x86)\Microsoft SQL Server\120\Tools\PowerShell\Modules\, PROGRAMW6432=C:\Program Files, PROGRAMDATA=C:\ProgramData, SYSTEMROOT=C:\WINDOWS, USERNAME=bo, FPS_BROWSER_USER_PROFILE_STRING=Default, ONEDRIVE=C:\Users\bo\OneDrive, CONFIGSETROOT=C:\WINDOWS\ConfigSetRoot, PATHEXT=.COM;.EXE;.BAT;.CMD;.VBS;.VBE;.JS;.JSE;.WSF;.WSH;.MSC, OS=Windows_NT, COMMONPROGRAMW6432=C:\Program Files\Common Files, COMPUTERNAME=DESKTOP-HFL86OV, COMMONPROGRAMFILES=C:\Program Files\Common Files, COMSPEC=C:\WINDOWS\system32\cmd.exe, CATALINA_HOME=C:\tomcat7.0\apache-tomcat-7.0.52, PROCESSOR_REVISION=8e09, CLASSPATH=.;C:\jdk\Java\jdk1.8.0_131\lib;C:\jdk\Java\jdk1.8.0_131\lib\tools.jar ? ?, WINDIR=C:\WINDOWS, HOMEPATH=\Users\bo, TEMP=C:\Users\bo\AppData\Local\Temp, HOMEDRIVE=C:, PROCESSOR_IDENTIFIER=Intel64 Family 6 Model 142 Stepping 9, GenuineIntel, USERPROFILE=C:\Users\bo, TMP=C:\Users\bo\AppData\Local\Temp, PUBLIC=C:\Users\Public, NUMBER_OF_PROCESSORS=4, =::=::\}}]
10:03:15.061 [main] DEBUG org.springframework.core.io.support.PathMatchingResourcePatternResolver - Resolved classpath location [com/zwnpactera/] to resources [URL [file:/C:/project/zwnpactera/target/test-classes/com/zwnpactera/]]
10:03:15.061 [main] DEBUG org.springframework.core.io.support.PathMatchingResourcePatternResolver - Looking for matching resources in directory tree [C:\project\zwnpactera\target\test-classes\com\zwnpactera]
10:03:15.061 [main] DEBUG org.springframework.core.io.support.PathMatchingResourcePatternResolver - Searching directory [C:\project\zwnpactera\target\test-classes\com\zwnpactera] for files matching pattern [C:/project/zwnpactera/target/test-classes/com/zwnpactera/*.class]
10:03:15.061 [main] DEBUG org.springframework.core.io.support.PathMatchingResourcePatternResolver - Resolved location pattern [classpath*:com/zwnpactera/*.class] to resources [file [C:\project\zwnpactera\target\test-classes\com\zwnpactera\ZwnpacteraApplicationTests.class]]
10:03:15.061 [main] DEBUG org.springframework.core.io.support.PathMatchingResourcePatternResolver - Resolved classpath location [com/] to resources [URL [file:/C:/project/zwnpactera/target/test-classes/com/], URL [file:/C:/project/zwnpactera/target/classes/com/], URL [jar:file:/C:/appResource/repository/com/fasterxml/classmate/1.3.4/classmate-1.3.4.jar!/com/], URL [jar:file:/C:/appResource/repository/com/fasterxml/jackson/core/jackson-databind/2.8.11.2/jackson-databind-2.8.11.2.jar!/com/], URL [jar:file:/C:/appResource/repository/com/fasterxml/jackson/core/jackson-annotations/2.8.0/jackson-annotations-2.8.0.jar!/com/], URL [jar:file:/C:/appResource/repository/com/fasterxml/jackson/core/jackson-core/2.8.11/jackson-core-2.8.11.jar!/com/], URL [jar:file:/C:/appResource/repository/mysql/mysql-connector-java/5.1.47/mysql-connector-java-5.1.47.jar!/com/], URL [jar:file:/C:/appResource/repository/com/jayway/jsonpath/json-path/2.2.0/json-path-2.2.0.jar!/com/]]
10:03:15.061 [main] DEBUG org.springframework.core.io.support.PathMatchingResourcePatternResolver - Looking for matching resources in directory tree [C:\project\zwnpactera\target\test-classes\com]
10:03:15.061 [main] DEBUG org.springframework.core.io.support.PathMatchingResourcePatternResolver - Searching directory [C:\project\zwnpactera\target\test-classes\com] for files matching pattern [C:/project/zwnpactera/target/test-classes/com/*.class]
10:03:15.061 [main] DEBUG org.springframework.core.io.support.PathMatchingResourcePatternResolver - Looking for matching resources in directory tree [C:\project\zwnpactera\target\classes\com]
10:03:15.061 [main] DEBUG org.springframework.core.io.support.PathMatchingResourcePatternResolver - Searching directory [C:\project\zwnpactera\target\classes\com] for files matching pattern [C:/project/zwnpactera/target/classes/com/*.class]
10:03:15.061 [main] DEBUG org.springframework.core.io.support.PathMatchingResourcePatternResolver - Looking for matching resources in jar file [file:/C:/appResource/repository/com/fasterxml/classmate/1.3.4/classmate-1.3.4.jar]
10:03:15.077 [main] DEBUG org.springframework.core.io.support.PathMatchingResourcePatternResolver - Looking for matching resources in jar file [file:/C:/appResource/repository/com/fasterxml/jackson/core/jackson-databind/2.8.11.2/jackson-databind-2.8.11.2.jar]
10:03:15.077 [main] DEBUG org.springframework.core.io.support.PathMatchingResourcePatternResolver - Looking for matching resources in jar file [file:/C:/appResource/repository/com/fasterxml/jackson/core/jackson-annotations/2.8.0/jackson-annotations-2.8.0.jar]
10:03:15.077 [main] DEBUG org.springframework.core.io.support.PathMatchingResourcePatternResolver - Looking for matching resources in jar file [file:/C:/appResource/repository/com/fasterxml/jackson/core/jackson-core/2.8.11/jackson-core-2.8.11.jar]
10:03:15.077 [main] DEBUG org.springframework.core.io.support.PathMatchingResourcePatternResolver - Looking for matching resources in jar file [file:/C:/appResource/repository/mysql/mysql-connector-java/5.1.47/mysql-connector-java-5.1.47.jar]
10:03:15.077 [main] DEBUG org.springframework.core.io.support.PathMatchingResourcePatternResolver - Looking for matching resources in jar file [file:/C:/appResource/repository/com/jayway/jsonpath/json-path/2.2.0/json-path-2.2.0.jar]
10:03:15.077 [main] DEBUG org.springframework.core.io.support.PathMatchingResourcePatternResolver - Resolved location pattern [classpath*:com/*.class] to resources []
]]></system-out>
  </testcase>
</testsuite>